Minimizing noise with rebench-denoise failed
    possibly causing benchmark results to vary more.

    Please make sure `sudo rebench-denoise` can be used without password.
    To be able to run rebench-denoise without password,
    add the following to the end of your sudoers file (using visudo):
        hb478 ALL = (root) NOPASSWD:SETENV: /home/hb478/.local/bin/rebench-denoise

Running Benchmarks: 0.00%
Running Benchmarks:                                    CD (Runner, Slowdown-150, 1000) 1 6	mean:      277.4	time left: 00:20:51: 10.00%
Running Benchmarks:                                    CD (Runner, Slowdown-150, 1000) 1 3	mean:      277.0	time left: 00:18:31: 20.00%
Running Benchmarks:                                    CD (Runner, Slowdown-150, 1000) 1 5	mean:      277.1	time left: 00:16:12: 30.00%
Running Benchmarks:                                    CD (Runner, Slowdown-150, 1000) 1 4	mean:      276.8	time left: 00:13:53: 40.00%
Running Benchmarks:                                    CD (Runner, Slowdown-150, 1000) 1 8	mean:      277.0	time left: 00:11:34: 50.00%
Running Benchmarks:                                   CD (Runner, Slowdown-150, 1000) 1 10	mean:      277.1	time left: 00:09:15: 60.00%
Running Benchmarks:                                    CD (Runner, Slowdown-150, 1000) 1 1	mean:      276.9	time left: 00:06:56: 70.00%
Running Benchmarks:                                    CD (Runner, Slowdown-150, 1000) 1 7	mean:      277.0	time left: 00:04:37: 80.00%
Running Benchmarks:                                    CD (Runner, Slowdown-150, 1000) 1 2	mean:      276.9	time left: 00:02:18: 90.00%
Running Benchmarks:                                    CD (Runner, Slowdown-150, 1000) 1 9	mean:      277.5	time left: 00:00:00: 100.00%


------------------------------------------------------------------------------------------------
  Benchmark   Executor   Suite          Extra   Core   Size   Var   #Samples   Mean (ms)  
------------------------------------------------------------------------------------------------
  CD          Runner     Slowdown-150    1000      1            1                    500   277  
  CD          Runner     Slowdown-150    1000      1           10                    500   277  
  CD          Runner     Slowdown-150    1000      1            2                    500   277  
  CD          Runner     Slowdown-150    1000      1            3                    500   277  
  CD          Runner     Slowdown-150    1000      1            4                    500   277  
  CD          Runner     Slowdown-150    1000      1            5                    500   277  
  CD          Runner     Slowdown-150    1000      1            6                    500   277  
  CD          Runner     Slowdown-150    1000      1            7                    500   277  
  CD          Runner     Slowdown-150    1000      1            8                    500   277  
  CD          Runner     Slowdown-150    1000      1            9                    500   277  
------------------------------------------------------------------------------------------------
Minimizing noise with rebench-denoise failed
    possibly causing benchmark results to vary more.

    Please make sure `sudo rebench-denoise` can be used without password.
    To be able to run rebench-denoise without password,
    add the following to the end of your sudoers file (using visudo):
        hb478 ALL = (root) NOPASSWD:SETENV: /home/hb478/.local/bin/rebench-denoise

