Minimizing noise with rebench-denoise failed
    possibly causing benchmark results to vary more.

    Please make sure `sudo rebench-denoise` can be used without password.
    To be able to run rebench-denoise without password,
    add the following to the end of your sudoers file (using visudo):
        hb478 ALL = (root) NOPASSWD:SETENV: /home/hb478/.local/bin/rebench-denoise

Running Benchmarks: 0.00%
Running Benchmarks:                          DeltaBlue (Runner, NoSlowdown-150, 60000) 1 8	mean:      215.2	time left: 01:46:12: 1.67%
Running Benchmarks:                          DeltaBlue (Runner, NoSlowdown-150, 60000) 1 3	mean:      215.3	time left: 01:44:24: 3.33%
Running Benchmarks:                            DeltaBlue (Runner, Slowdown-100, 60000) 1 2	mean:      408.2	time left: 02:13:11: 5.00%
Running Benchmarks:                            DeltaBlue (Runner, Slowdown-50, 60000) 1 10	mean:      322.8	time left: 02:15:53: 6.67%
Running Benchmarks:                             DeltaBlue (Runner, Slowdown-50, 60000) 1 3	mean:      322.7	time left: 02:16:25: 8.33%
Running Benchmarks:                           DeltaBlue (Runner, NoSlowdown-50, 60000) 1 6	mean:      216.8	time left: 02:07:56: 10.00%
Running Benchmarks:                            DeltaBlue (Runner, Slowdown-100, 60000) 1 6	mean:      406.9	time left: 02:13:21: 11.67%
Running Benchmarks:                           DeltaBlue (Runner, NoSlowdown-50, 60000) 1 7	mean:      215.1	time left: 02:06:11: 13.33%
Running Benchmarks:                           DeltaBlue (Runner, NoSlowdown-50, 60000) 1 4	mean:      214.7	time left: 02:00:10: 15.00%
Running Benchmarks:                          DeltaBlue (Runner, NoSlowdown-100, 60000) 1 7	mean:      213.4	time left: 01:54:58: 16.67%
Running Benchmarks:                          DeltaBlue (Runner, NoSlowdown-150, 60000) 1 2	mean:      213.6	time left: 01:50:22: 18.33%
Running Benchmarks:                          DeltaBlue (Runner, NoSlowdown-100, 60000) 1 1	mean:      213.9	time left: 01:46:16: 20.00%
Running Benchmarks:                          DeltaBlue (Runner, NoSlowdown-150, 60000) 1 5	mean:      215.1	time left: 01:42:33: 21.67%
Running Benchmarks:                            DeltaBlue (Runner, Slowdown-150, 60000) 1 4	mean:      515.1	time left: 01:47:19: 23.33%
Running Benchmarks:                          DeltaBlue (Runner, NoSlowdown-100, 60000) 1 4	mean:      213.8	time left: 01:43:21: 25.00%
Running Benchmarks:                         DeltaBlue (Runner, NoSlowdown-150, 60000) 1 10	mean:      215.1	time left: 01:39:41: 26.67%
Running Benchmarks:                            DeltaBlue (Runner, Slowdown-150, 60000) 1 6	mean:      518.2	time left: 01:42:38: 28.33%
Running Benchmarks:                           DeltaBlue (Runner, NoSlowdown-50, 60000) 1 1	mean:      214.2	time left: 01:38:51: 30.00%
Running Benchmarks:                             DeltaBlue (Runner, Slowdown-50, 60000) 1 2	mean:      321.1	time left: 01:37:12: 31.67%
Running Benchmarks:                            DeltaBlue (Runner, Slowdown-100, 60000) 1 3	mean:      407.2	time left: 01:36:54: 33.33%
Running Benchmarks:                            DeltaBlue (Runner, Slowdown-100, 60000) 1 1	mean:      406.5	time left: 01:36:17: 35.00%
Running Benchmarks:                          DeltaBlue (Runner, NoSlowdown-100, 60000) 1 2	mean:      216.7	time left: 01:32:40: 36.67%
Running Benchmarks:                           DeltaBlue (Runner, Slowdown-100, 60000) 1 10	mean:      407.2	time left: 01:31:47: 38.33%
Running Benchmarks:                          DeltaBlue (Runner, NoSlowdown-150, 60000) 1 7	mean:      213.2	time left: 01:28:15: 40.00%
Running Benchmarks:                            DeltaBlue (Runner, Slowdown-100, 60000) 1 4	mean:      407.3	time left: 01:27:08: 41.67%
Running Benchmarks:                          DeltaBlue (Runner, NoSlowdown-100, 60000) 1 9	mean:      213.3	time left: 01:23:43: 43.33%
Running Benchmarks:                          DeltaBlue (Runner, NoSlowdown-150, 60000) 1 1	mean:      216.9	time left: 01:20:28: 45.00%
Running Benchmarks:                         DeltaBlue (Runner, NoSlowdown-100, 60000) 1 10	mean:      214.7	time left: 01:17:17: 46.67%
Running Benchmarks:                          DeltaBlue (Runner, NoSlowdown-100, 60000) 1 8	mean:      214.1	time left: 01:14:12: 48.33%
Running Benchmarks:                             DeltaBlue (Runner, Slowdown-50, 60000) 1 7	mean:      322.6	time left: 01:12:07: 50.00%
Running Benchmarks:                          DeltaBlue (Runner, NoSlowdown-100, 60000) 1 5	mean:      214.1	time left: 01:09:08: 51.67%
Running Benchmarks:                            DeltaBlue (Runner, Slowdown-150, 60000) 1 1	mean:      514.9	time left: 01:08:25: 53.33%
Running Benchmarks:                            DeltaBlue (Runner, Slowdown-100, 60000) 1 8	mean:      407.1	time left: 01:06:46: 55.00%
Running Benchmarks:                          DeltaBlue (Runner, NoSlowdown-100, 60000) 1 3	mean:      216.3	time left: 01:03:47: 56.67%
Running Benchmarks:                          DeltaBlue (Runner, NoSlowdown-150, 60000) 1 6	mean:      216.0	time left: 01:00:52: 58.33%
Running Benchmarks:                             DeltaBlue (Runner, Slowdown-50, 60000) 1 4	mean:      325.7	time left: 00:58:37: 60.00%
Running Benchmarks:                            DeltaBlue (Runner, Slowdown-150, 60000) 1 8	mean:      517.6	time left: 00:57:21: 61.67%
Running Benchmarks:                             DeltaBlue (Runner, Slowdown-50, 60000) 1 1	mean:      323.9	time left: 00:54:58: 63.33%
Running Benchmarks:                             DeltaBlue (Runner, Slowdown-50, 60000) 1 9	mean:      322.0	time left: 00:52:35: 65.00%
Running Benchmarks:                            DeltaBlue (Runner, Slowdown-150, 60000) 1 5	mean:      517.7	time left: 00:50:59: 66.67%
Running Benchmarks:                            DeltaBlue (Runner, Slowdown-100, 60000) 1 9	mean:      408.6	time left: 00:48:50: 68.33%
Running Benchmarks:                           DeltaBlue (Runner, NoSlowdown-50, 60000) 1 2	mean:      214.0	time left: 00:45:56: 70.00%
Running Benchmarks:                            DeltaBlue (Runner, Slowdown-150, 60000) 1 9	mean:      515.8	time left: 00:44:04: 71.67%
Running Benchmarks:                           DeltaBlue (Runner, NoSlowdown-50, 60000) 1 5	mean:      213.1	time left: 00:41:11: 73.33%
Running Benchmarks:                            DeltaBlue (Runner, Slowdown-100, 60000) 1 7	mean:      408.7	time left: 00:38:53: 75.00%
Running Benchmarks:                            DeltaBlue (Runner, Slowdown-150, 60000) 1 2	mean:      513.9	time left: 00:36:48: 76.67%
Running Benchmarks:                          DeltaBlue (Runner, NoSlowdown-100, 60000) 1 6	mean:      215.5	time left: 00:33:57: 78.33%
Running Benchmarks:                            DeltaBlue (Runner, Slowdown-150, 60000) 1 3	mean:      514.0	time left: 00:31:45: 80.00%
Running Benchmarks:                           DeltaBlue (Runner, NoSlowdown-50, 60000) 1 9	mean:      213.3	time left: 00:28:55: 81.67%
Running Benchmarks:                          DeltaBlue (Runner, NoSlowdown-150, 60000) 1 4	mean:      215.3	time left: 00:26:07: 83.33%
Running Benchmarks:                            DeltaBlue (Runner, Slowdown-150, 60000) 1 7	mean:      515.3	time left: 00:23:48: 85.00%
Running Benchmarks:                             DeltaBlue (Runner, Slowdown-50, 60000) 1 8	mean:      321.3	time left: 00:21:10: 86.67%
Running Benchmarks:                           DeltaBlue (Runner, NoSlowdown-50, 60000) 1 3	mean:      213.4	time left: 00:18:24: 88.33%
Running Benchmarks:                          DeltaBlue (Runner, NoSlowdown-150, 60000) 1 9	mean:      214.0	time left: 00:15:41: 90.00%
Running Benchmarks:                           DeltaBlue (Runner, NoSlowdown-50, 60000) 1 8	mean:      214.4	time left: 00:12:59: 91.67%
Running Benchmarks:                           DeltaBlue (Runner, Slowdown-150, 60000) 1 10	mean:      515.6	time left: 00:10:31: 93.33%
Running Benchmarks:                             DeltaBlue (Runner, Slowdown-50, 60000) 1 5	mean:      322.3	time left: 00:07:53: 95.00%
Running Benchmarks:                          DeltaBlue (Runner, NoSlowdown-50, 60000) 1 10	mean:      214.2	time left: 00:05:14: 96.67%
Running Benchmarks:                             DeltaBlue (Runner, Slowdown-50, 60000) 1 6	mean:      324.5	time left: 00:02:37: 98.33%
Running Benchmarks:                            DeltaBlue (Runner, Slowdown-100, 60000) 1 5	mean:      407.2	time left: 00:00:00: 100.00%


--------------------------------------------------------------------------------------------------
  Benchmark   Executor   Suite            Extra   Core   Size   Var   #Samples   Mean (ms)  
--------------------------------------------------------------------------------------------------
  DeltaBlue   Runner     NoSlowdown-100   60000      1            1                    500   214  
  DeltaBlue   Runner     NoSlowdown-100   60000      1           10                    500   215  
  DeltaBlue   Runner     NoSlowdown-100   60000      1            2                    500   217  
  DeltaBlue   Runner     NoSlowdown-100   60000      1            3                    500   216  
  DeltaBlue   Runner     NoSlowdown-100   60000      1            4                    500   214  
  DeltaBlue   Runner     NoSlowdown-100   60000      1            5                    500   214  
  DeltaBlue   Runner     NoSlowdown-100   60000      1            6                    500   216  
  DeltaBlue   Runner     NoSlowdown-100   60000      1            7                    500   213  
  DeltaBlue   Runner     NoSlowdown-100   60000      1            8                    500   214  
  DeltaBlue   Runner     NoSlowdown-100   60000      1            9                    500   213  
  DeltaBlue   Runner     NoSlowdown-150   60000      1            1                    500   217  
  DeltaBlue   Runner     NoSlowdown-150   60000      1           10                    500   215  
  DeltaBlue   Runner     NoSlowdown-150   60000      1            2                    500   214  
  DeltaBlue   Runner     NoSlowdown-150   60000      1            3                    500   215  
  DeltaBlue   Runner     NoSlowdown-150   60000      1            4                    500   215  
  DeltaBlue   Runner     NoSlowdown-150   60000      1            5                    500   215  
  DeltaBlue   Runner     NoSlowdown-150   60000      1            6                    500   216  
  DeltaBlue   Runner     NoSlowdown-150   60000      1            7                    500   213  
  DeltaBlue   Runner     NoSlowdown-150   60000      1            8                    500   215  
  DeltaBlue   Runner     NoSlowdown-150   60000      1            9                    500   214  
  DeltaBlue   Runner     NoSlowdown-50    60000      1            1                    500   214  
  DeltaBlue   Runner     NoSlowdown-50    60000      1           10                    500   214  
  DeltaBlue   Runner     NoSlowdown-50    60000      1            2                    500   214  
  DeltaBlue   Runner     NoSlowdown-50    60000      1            3                    500   213  
  DeltaBlue   Runner     NoSlowdown-50    60000      1            4                    500   215  
  DeltaBlue   Runner     NoSlowdown-50    60000      1            5                    500   213  
  DeltaBlue   Runner     NoSlowdown-50    60000      1            6                    500   217  
  DeltaBlue   Runner     NoSlowdown-50    60000      1            7                    500   215  
  DeltaBlue   Runner     NoSlowdown-50    60000      1            8                    500   214  
  DeltaBlue   Runner     NoSlowdown-50    60000      1            9                    500   213  
  DeltaBlue   Runner     Slowdown-100     60000      1            1                    500   407  
  DeltaBlue   Runner     Slowdown-100     60000      1           10                    500   407  
  DeltaBlue   Runner     Slowdown-100     60000      1            2                    500   408  
  DeltaBlue   Runner     Slowdown-100     60000      1            3                    500   407  
  DeltaBlue   Runner     Slowdown-100     60000      1            4                    500   407  
  DeltaBlue   Runner     Slowdown-100     60000      1            5                    500   407  
  DeltaBlue   Runner     Slowdown-100     60000      1            6                    500   407  
  DeltaBlue   Runner     Slowdown-100     60000      1            7                    500   409  
  DeltaBlue   Runner     Slowdown-100     60000      1            8                    500   407  
  DeltaBlue   Runner     Slowdown-100     60000      1            9                    500   409  
  DeltaBlue   Runner     Slowdown-150     60000      1            1                    500   515  
  DeltaBlue   Runner     Slowdown-150     60000      1           10                    500   516  
  DeltaBlue   Runner     Slowdown-150     60000      1            2                    500   514  
  DeltaBlue   Runner     Slowdown-150     60000      1            3                    500   514  
  DeltaBlue   Runner     Slowdown-150     60000      1            4                    500   515  
  DeltaBlue   Runner     Slowdown-150     60000      1            5                    500   518  
  DeltaBlue   Runner     Slowdown-150     60000      1            6                    500   518  
  DeltaBlue   Runner     Slowdown-150     60000      1            7                    500   515  
  DeltaBlue   Runner     Slowdown-150     60000      1            8                    500   518  
  DeltaBlue   Runner     Slowdown-150     60000      1            9                    500   516  
  DeltaBlue   Runner     Slowdown-50      60000      1            1                    500   324  
  DeltaBlue   Runner     Slowdown-50      60000      1           10                    500   323  
  DeltaBlue   Runner     Slowdown-50      60000      1            2                    500   321  
  DeltaBlue   Runner     Slowdown-50      60000      1            3                    500   323  
  DeltaBlue   Runner     Slowdown-50      60000      1            4                    500   326  
  DeltaBlue   Runner     Slowdown-50      60000      1            5                    500   322  
  DeltaBlue   Runner     Slowdown-50      60000      1            6                    500   325  
  DeltaBlue   Runner     Slowdown-50      60000      1            7                    500   323  
  DeltaBlue   Runner     Slowdown-50      60000      1            8                    500   321  
  DeltaBlue   Runner     Slowdown-50      60000      1            9                    500   322  
--------------------------------------------------------------------------------------------------
Minimizing noise with rebench-denoise failed
    possibly causing benchmark results to vary more.

    Please make sure `sudo rebench-denoise` can be used without password.
    To be able to run rebench-denoise without password,
    add the following to the end of your sudoers file (using visudo):
        hb478 ALL = (root) NOPASSWD:SETENV: /home/hb478/.local/bin/rebench-denoise

